<?xml version="1.0" encoding="UTF-8"?>
<!-- Generated by org.testng.reporters.JUnitXMLReporter -->
<testsuite ignored="4" hostname="DESKTOP-V1KIB6K" failures="0" tests="2" name="Test" time="76.735" errors="0" timestamp="19 Oct 2020 19:36:19 GMT">
  <testcase classname="com.autodesk.contacttest.CreateContactTest" name="createContactTest" time="22.359"/>
  <testcase classname="com.autodest.organizationTest.CreateOrgTest" name="createOrgTest" time="19.488"/>
  <testcase classname="com.autodest.genericUtils.BaseClass" name="@BeforeSuite configBS" time="0.0">
    <ignored/>
  </testcase> <!-- @BeforeSuite configBS -->
  <testcase classname="com.autodesk.contacttest.CreateContactTest" name="createContactWithOrg" time="0.0">
    <ignored/>
  </testcase> <!-- createContactWithOrg -->
  <testcase classname="com.autodest.organizationTest.CreateOrgTest" name="createOrgWithIndustryTest" time="0.0">
    <ignored/>
  </testcase> <!-- createOrgWithIndustryTest -->
  <testcase classname="com.autodest.genericUtils.BaseClass" name="@AfterSuite configBS1" time="0.0">
    <ignored/>
  </testcase> <!-- @AfterSuite configBS1 -->
</testsuite> <!-- Test -->
