<?xml version="1.0" encoding="UTF-8"?>
<!-- Generated by org.testng.reporters.JUnitXMLReporter -->
<testsuite ignored="0" hostname="DESKTOP-V1KIB6K" failures="0" tests="2" name="Default test" time="132.808" errors="0" timestamp="19 Oct 2020 05:41:37 GMT">
  <testcase classname="com.autodesk.contacttest.CreateContactTest" name="createContactTest" time="51.023"/>
  <testcase classname="com.autodesk.contacttest.CreateContactTest" name="createContactWithOrg" time="40.088"/>
</testsuite> <!-- Default test -->
