<?xml version="1.0" encoding="UTF-8"?>
<testng-results ignored="4" total="6" passed="2" failed="0" skipped="0">
  <reporter-output>
  </reporter-output>
  <suite started-at="2020-10-19T19:35:02Z" name="Suite" finished-at="2020-10-19T19:36:19Z" duration-ms="76735">
    <groups>
      <group name="smokeTest">
        <method signature="CreateContactTest.createContactTest()[pri:0, instance:com.autodesk.contacttest.CreateContactTest@5026735c]" name="createContactTest" class="com.autodesk.contacttest.CreateContactTest"/>
        <method signature="CreateOrgTest.createOrgTest()[pri:0, instance:com.autodest.organizationTest.CreateOrgTest@1b45c0e]" name="createOrgTest" class="com.autodest.organizationTest.CreateOrgTest"/>
      </group> <!-- smokeTest -->
    </groups>
    <test started-at="2020-10-19T19:35:02Z" name="Test" finished-at="2020-10-19T19:36:19Z" duration-ms="76735">
      <class name="com.autodest.organizationTest.CreateOrgTest">
        <test-method is-config="true" signature="configBC()[pri:0, instance:com.autodest.organizationTest.CreateOrgTest@1b45c0e]" started-at="2020-10-19T19:35:44Z" name="configBC" finished-at="2020-10-19T19:35:50Z" duration-ms="6059" status="PASS">
          <reporter-output>
          </reporter-output>
        </test-method> <!-- configBC -->
        <test-method is-config="true" signature="configBM()[pri:0, instance:com.autodest.organizationTest.CreateOrgTest@1b45c0e]" started-at="2020-10-19T19:35:50Z" name="configBM" finished-at="2020-10-19T19:35:56Z" duration-ms="6420" status="PASS">
          <reporter-output>
          </reporter-output>
        </test-method> <!-- configBM -->
        <test-method signature="createOrgTest()[pri:0, instance:com.autodest.organizationTest.CreateOrgTest@1b45c0e]" started-at="2020-10-19T19:35:56Z" name="createOrgTest" finished-at="2020-10-19T19:36:16Z" duration-ms="19488" status="PASS">
          <reporter-output>
          </reporter-output>
        </test-method> <!-- createOrgTest -->
        <test-method is-config="true" signature="configAM()[pri:0, instance:com.autodest.organizationTest.CreateOrgTest@1b45c0e]" started-at="2020-10-19T19:36:16Z" name="configAM" finished-at="2020-10-19T19:36:19Z" duration-ms="2746" status="PASS">
          <reporter-output>
          </reporter-output>
        </test-method> <!-- configAM -->
        <test-method is-config="true" signature="configAC()[pri:0, instance:com.autodest.organizationTest.CreateOrgTest@1b45c0e]" started-at="2020-10-19T19:36:19Z" name="configAC" finished-at="2020-10-19T19:36:19Z" duration-ms="174" status="PASS">
          <reporter-output>
          </reporter-output>
        </test-method> <!-- configAC -->
      </class> <!-- com.autodest.organizationTest.CreateOrgTest -->
      <class name="com.autodesk.contacttest.CreateContactTest">
        <test-method is-config="true" signature="configBS()[pri:0, instance:com.autodesk.contacttest.CreateContactTest@5026735c]" started-at="2020-10-19T19:35:02Z" name="configBS" finished-at="2020-10-19T19:35:02Z" duration-ms="28" status="PASS">
          <reporter-output>
          </reporter-output>
        </test-method> <!-- configBS -->
        <test-method is-config="true" signature="configBC()[pri:0, instance:com.autodesk.contacttest.CreateContactTest@5026735c]" started-at="2020-10-19T19:35:02Z" name="configBC" finished-at="2020-10-19T19:35:11Z" duration-ms="9159" status="PASS">
          <reporter-output>
          </reporter-output>
        </test-method> <!-- configBC -->
        <test-method is-config="true" signature="configBM()[pri:0, instance:com.autodesk.contacttest.CreateContactTest@5026735c]" started-at="2020-10-19T19:35:11Z" name="configBM" finished-at="2020-10-19T19:35:18Z" duration-ms="6650" status="PASS">
          <reporter-output>
          </reporter-output>
        </test-method> <!-- configBM -->
        <test-method signature="createContactTest()[pri:0, instance:com.autodesk.contacttest.CreateContactTest@5026735c]" started-at="2020-10-19T19:35:18Z" name="createContactTest" finished-at="2020-10-19T19:35:40Z" duration-ms="22359" status="PASS">
          <reporter-output>
          </reporter-output>
        </test-method> <!-- createContactTest -->
        <test-method is-config="true" signature="configAM()[pri:0, instance:com.autodesk.contacttest.CreateContactTest@5026735c]" started-at="2020-10-19T19:35:40Z" name="configAM" finished-at="2020-10-19T19:35:44Z" duration-ms="3389" status="PASS">
          <reporter-output>
          </reporter-output>
        </test-method> <!-- configAM -->
        <test-method is-config="true" signature="configAC()[pri:0, instance:com.autodesk.contacttest.CreateContactTest@5026735c]" started-at="2020-10-19T19:35:44Z" name="configAC" finished-at="2020-10-19T19:35:44Z" duration-ms="234" status="PASS">
          <reporter-output>
          </reporter-output>
        </test-method> <!-- configAC -->
        <test-method is-config="true" signature="configBS1()[pri:0, instance:com.autodesk.contacttest.CreateContactTest@5026735c]" started-at="2020-10-19T19:36:19Z" name="configBS1" finished-at="2020-10-19T19:36:19Z" duration-ms="1" status="PASS">
          <reporter-output>
          </reporter-output>
        </test-method> <!-- configBS1 -->
      </class> <!-- com.autodesk.contacttest.CreateContactTest -->
    </test> <!-- Test -->
  </suite> <!-- Suite -->
</testng-results>
