<?xml version="1.0" encoding="UTF-8"?>
<testng-results ignored="0" total="2" passed="2" failed="0" skipped="0">
  <reporter-output>
  </reporter-output>
  <suite started-at="2020-10-19T05:39:24Z" name="Default suite" finished-at="2020-10-19T05:41:37Z" duration-ms="132808">
    <groups>
      <group name="regressionTest">
        <method signature="CreateContactTest.createContactWithOrg()[pri:0, instance:com.autodesk.contacttest.CreateContactTest@39d9314d]" name="createContactWithOrg" class="com.autodesk.contacttest.CreateContactTest"/>
      </group> <!-- regressionTest -->
      <group name="smokeTest">
        <method signature="CreateContactTest.createContactTest()[pri:0, instance:com.autodesk.contacttest.CreateContactTest@39d9314d]" name="createContactTest" class="com.autodesk.contacttest.CreateContactTest"/>
      </group> <!-- smokeTest -->
    </groups>
    <test started-at="2020-10-19T05:39:24Z" name="Default test" finished-at="2020-10-19T05:41:37Z" duration-ms="132808">
      <class name="com.autodesk.contacttest.CreateContactTest">
        <test-method is-config="true" signature="configBS()[pri:0, instance:com.autodesk.contacttest.CreateContactTest@39d9314d]" started-at="2020-10-19T05:39:24Z" name="configBS" finished-at="2020-10-19T05:39:24Z" duration-ms="21" status="PASS">
          <reporter-output>
          </reporter-output>
        </test-method> <!-- configBS -->
        <test-method is-config="true" signature="configBC()[pri:0, instance:com.autodesk.contacttest.CreateContactTest@39d9314d]" started-at="2020-10-19T05:39:24Z" name="configBC" finished-at="2020-10-19T05:39:39Z" duration-ms="15544" status="PASS">
          <reporter-output>
          </reporter-output>
        </test-method> <!-- configBC -->
        <test-method is-config="true" signature="configBM()[pri:0, instance:com.autodesk.contacttest.CreateContactTest@39d9314d]" started-at="2020-10-19T05:39:39Z" name="configBM" finished-at="2020-10-19T05:39:54Z" duration-ms="14928" status="PASS">
          <reporter-output>
          </reporter-output>
        </test-method> <!-- configBM -->
        <test-method signature="createContactTest()[pri:0, instance:com.autodesk.contacttest.CreateContactTest@39d9314d]" started-at="2020-10-19T05:39:54Z" name="createContactTest" finished-at="2020-10-19T05:40:45Z" duration-ms="51023" status="PASS">
          <reporter-output>
          </reporter-output>
        </test-method> <!-- createContactTest -->
        <test-method is-config="true" signature="configAM()[pri:0, instance:com.autodesk.contacttest.CreateContactTest@39d9314d]" started-at="2020-10-19T05:40:45Z" name="configAM" finished-at="2020-10-19T05:40:49Z" duration-ms="3730" status="PASS">
          <reporter-output>
          </reporter-output>
        </test-method> <!-- configAM -->
        <test-method is-config="true" signature="configBM()[pri:0, instance:com.autodesk.contacttest.CreateContactTest@39d9314d]" started-at="2020-10-19T05:40:49Z" name="configBM" finished-at="2020-10-19T05:40:54Z" duration-ms="4828" status="PASS">
          <reporter-output>
          </reporter-output>
        </test-method> <!-- configBM -->
        <test-method signature="createContactWithOrg()[pri:0, instance:com.autodesk.contacttest.CreateContactTest@39d9314d]" started-at="2020-10-19T05:40:54Z" name="createContactWithOrg" finished-at="2020-10-19T05:41:34Z" duration-ms="40088" status="PASS">
          <reporter-output>
          </reporter-output>
        </test-method> <!-- createContactWithOrg -->
        <test-method is-config="true" signature="configAM()[pri:0, instance:com.autodesk.contacttest.CreateContactTest@39d9314d]" started-at="2020-10-19T05:41:34Z" name="configAM" finished-at="2020-10-19T05:41:36Z" duration-ms="2130" status="PASS">
          <reporter-output>
          </reporter-output>
        </test-method> <!-- configAM -->
        <test-method is-config="true" signature="configAC()[pri:0, instance:com.autodesk.contacttest.CreateContactTest@39d9314d]" started-at="2020-10-19T05:41:36Z" name="configAC" finished-at="2020-10-19T05:41:37Z" duration-ms="496" status="PASS">
          <reporter-output>
          </reporter-output>
        </test-method> <!-- configAC -->
        <test-method is-config="true" signature="configBS1()[pri:0, instance:com.autodesk.contacttest.CreateContactTest@39d9314d]" started-at="2020-10-19T05:41:37Z" name="configBS1" finished-at="2020-10-19T05:41:37Z" duration-ms="3" status="PASS">
          <reporter-output>
          </reporter-output>
        </test-method> <!-- configBS1 -->
      </class> <!-- com.autodesk.contacttest.CreateContactTest -->
    </test> <!-- Default test -->
  </suite> <!-- Default suite -->
</testng-results>
